<?xml version="1.0" encoding="UTF-8"?>
<!-- Generated by org.testng.reporters.JUnitReportReporter -->
<testsuite hostname="DESKTOP-MRJRJ8P" failures="0" tests="3" name="First_UI.Skip_Demo_Test" time="0.012" errors="0" timestamp="2022-09-01T14:13:16 IST" skipped="2">
  <testcase classname="First_UI.Skip_Demo_Test" name="skip_Test_3" time="0.003"/>
  <system-out/>
  <testcase classname="First_UI.Skip_Demo_Test" name="skip_Test_2" time="0.009">
    <skipped/>
  </testcase> <!-- skip_Test_2 -->
  <system-out/>
  <testcase classname="First_UI.Skip_Demo_Test" name="skip_Test_1">
    <skipped/>
  </testcase> <!-- skip_Test_1 -->
  <system-out/>
</testsuite> <!-- First_UI.Skip_Demo_Test -->
