<?xml version="1.0" encoding="UTF-8"?>
<!-- Generated by org.testng.reporters.JUnitReportReporter -->
<testsuite hostname="DESKTOP-MRJRJ8P" failures="0" tests="2" name="TestNG_Annotations.First_TestNG_Annotations" time="0.022" errors="0" timestamp="2022-09-02T18:20:07 IST" skipped="0">
  <testcase classname="TestNG_Annotations.First_TestNG_Annotations" name="Testcase2" time="0.008"/>
  <system-out/>
  <testcase classname="TestNG_Annotations.First_TestNG_Annotations" name="Testcase" time="0.014"/>
  <system-out/>
</testsuite> <!-- TestNG_Annotations.First_TestNG_Annotations -->
