<?xml version="1.0" encoding="UTF-8"?>
<!-- Generated by org.testng.reporters.JUnitReportReporter -->
<testsuite hostname="DESKTOP-MRJRJ8P" failures="0" tests="2" name="First_UI.First_Login_Test" time="0.019" errors="0" timestamp="2022-08-30T18:38:33 IST" skipped="0">
  <testcase classname="First_UI.First_Login_Test" name="BlogOutTest" time="0.013"/>
  <system-out/>
  <testcase classname="First_UI.First_Login_Test" name="ALoginTest" time="0.006"/>
  <system-out/>
</testsuite> <!-- First_UI.First_Login_Test -->
