<?xml version="1.0" encoding="UTF-8"?>
<!-- Generated by org.testng.reporters.JUnitReportReporter -->
<testsuite hostname="DESKTOP-MRJRJ8P" failures="0" tests="1" name="First_UI.Second_Verify_Title_Test_With_SoftAssert" time="7.150" errors="0" timestamp="2022-08-30T18:38:33 IST" skipped="0">
  <testcase classname="First_UI.Second_Verify_Title_Test_With_SoftAssert" name="titletest" time="7.150"/>
  <system-out/>
</testsuite> <!-- First_UI.Second_Verify_Title_Test_With_SoftAssert -->
