<?xml version="1.0" encoding="UTF-8"?>
<!-- Generated by org.testng.reporters.JUnitReportReporter -->
<testsuite hostname="DESKTOP-MRJRJ8P" failures="0" tests="2" name="First_UI.Before_Group_Before_Class" time="0.006" errors="0" timestamp="2022-09-02T16:12:27 IST" skipped="0">
  <testcase classname="First_UI.Before_Group_Before_Class" name="BlogOutTest" time="0.005"/>
  <system-out/>
  <testcase classname="First_UI.Before_Group_Before_Class" name="ALoginTest" time="0.001"/>
  <system-out/>
</testsuite> <!-- First_UI.Before_Group_Before_Class -->
