<?xml version="1.0" encoding="UTF-8"?>
<!-- Generated by org.testng.reporters.JUnitReportReporter -->
<testsuite hostname="DESKTOP-MRJRJ8P" failures="0" tests="2" name="TestNG_Annotations.BeforeMethod_Test_AfterMethod" time="0.013" errors="0" timestamp="2022-09-06T18:51:54 IST" skipped="0">
  <testcase classname="TestNG_Annotations.BeforeMethod_Test_AfterMethod" name="Usermonycontroll" time="0.003"/>
  <system-out/>
  <testcase classname="TestNG_Annotations.BeforeMethod_Test_AfterMethod" name="UserLogin" time="0.010"/>
  <system-out/>
</testsuite> <!-- TestNG_Annotations.BeforeMethod_Test_AfterMethod -->
