<?xml version="1.0" encoding="UTF-8"?>
<!-- Generated by org.testng.reporters.JUnitReportReporter -->
<testsuite hostname="DESKTOP-MRJRJ8P" failures="0" tests="1" name="First_UI.Second_Verify_Titlte_Test" time="7.170" errors="0" timestamp="2022-08-30T17:53:21 IST" skipped="0">
  <testcase classname="First_UI.Second_Verify_Titlte_Test" name="titletest" time="7.170"/>
  <system-out/>
</testsuite> <!-- First_UI.Second_Verify_Titlte_Test -->
