<?xml version="1.0" encoding="UTF-8"?>
<!-- Generated by org.testng.reporters.JUnitReportReporter -->
<testsuite hostname="DESKTOP-MRJRJ8P" failures="0" tests="3" name="First_UI.Third_Group_Test_Cases" time="0.010" errors="0" timestamp="2022-09-02T11:59:38 IST" skipped="0">
  <testcase classname="First_UI.Third_Group_Test_Cases" name="C_Test_3" time="0.001"/>
  <system-out/>
  <testcase classname="First_UI.Third_Group_Test_Cases" name="A_Test_1" time="0.008"/>
  <system-out/>
  <testcase classname="First_UI.Third_Group_Test_Cases" name="B_Test_2" time="0.001"/>
  <system-out/>
</testsuite> <!-- First_UI.Third_Group_Test_Cases -->
