<?xml version="1.0" encoding="UTF-8"?>
<!-- Generated by org.testng.reporters.JUnitReportReporter -->
<testsuite hostname="DESKTOP-MRJRJ8P" failures="0" tests="2" name="First_UI.TestNG_Annotations" time="0.009" errors="0" timestamp="2022-08-30T18:38:33 IST" skipped="0">
  <testcase classname="First_UI.TestNG_Annotations" name="test2" time="0.005"/>
  <system-out/>
  <testcase classname="First_UI.TestNG_Annotations" name="test1" time="0.004"/>
  <system-out/>
</testsuite> <!-- First_UI.TestNG_Annotations -->
